# JRE version: OpenJDK Runtime Environment (25.0.2+10) (build 25.0.2+10-69)
# Java VM: OpenJDK 64-Bit Server VM (25.0.2+10-69, mixed mode, sharing, tiered, compressed oops, compressed class ptrs, g1 gc, windows-amd64)
GC Precious Log:
 CardTable entry size: 512
 Card Set container configuration: InlinePtr #cards 4 size 8 Array Of Cards #cards 32 size 80 Howl #buckets 8 coarsen threshold 7372 Howl Bitmap #cards 1024 size 144 coarsen threshold 921 Card regions per heap region 1 cards per card region 8192
 CPUs: 8 total, 8 available
 Memory: 20218M
 Large Page Support: Disabled
 NUMA Support: Disabled
 Compressed Oops: Enabled (Zero based)
 Heap Region Size: 4M
 Heap Min Capacity: 8M
 Heap Initial Capacity: 316M
 Heap Max Capacity: 5056M
 Pre-touch: Disabled
 Parallel Workers: 8
 Concurrent Workers: 2
 Concurrent Refinement Workers: 8
 Periodic GC: Disabled
Heap:
 garbage-first heap   total reserved 5177344K, committed 122880K, used 37670K [0x00000006c4000000, 0x0000000800000000)
  region size 4096K, 5 young (20480K), 1 survivors (4096K)
GC Heap Usage History (20 events):
Event: 102.276 {heap Before GC invocations=84 (full 0):
 garbage-first heap   total reserved 5177344K, committed 122880K, used 95014K [0x00000006c4000000, 0x0000000800000000)
  region size 4096K, 18 young (73728K), 1 survivors (4096K)
}
Event: 102.277 {heap After GC invocations=85 (full 0):
 garbage-first heap   total reserved 5177344K, committed 122880K, used 29480K [0x00000006c4000000, 0x0000000800000000)
  region size 4096K, 1 young (4096K), 1 survivors (4096K)
}
Event: 103.408 {heap Before GC invocations=85 (full 0):
 garbage-first heap   total reserved 5177344K, committed 122880K, used 95016K [0x00000006c4000000, 0x0000000800000000)
  region size 4096K, 18 young (73728K), 1 survivors (4096K)
}
Event: 103.410 {heap After GC invocations=86 (full 0):
 garbage-first heap   total reserved 5177344K, committed 122880K, used 29476K [0x00000006c4000000, 0x0000000800000000)
  region size 4096K, 1 young (4096K), 1 survivors (4096K)
}
Event: 104.361 {heap Before GC invocations=86 (full 0):
 garbage-first heap   total reserved 5177344K, committed 122880K, used 95012K [0x00000006c4000000, 0x0000000800000000)
  region size 4096K, 18 young (73728K), 1 survivors (4096K)
}
Event: 104.362 {heap After GC invocations=87 (full 0):
 garbage-first heap   total reserved 5177344K, committed 122880K, used 29476K [0x00000006c4000000, 0x0000000800000000)
  region size 4096K, 1 young (4096K), 1 survivors (4096K)
}
Event: 105.244 {heap Before GC invocations=87 (full 0):
 garbage-first heap   total reserved 5177344K, committed 122880K, used 95012K [0x00000006c4000000, 0x0000000800000000)
  region size 4096K, 18 young (73728K), 1 survivors (4096K)
}
Event: 105.245 {heap After GC invocations=88 (full 0):
 garbage-first heap   total reserved 5177344K, committed 122880K, used 29474K [0x00000006c4000000, 0x0000000800000000)
  region size 4096K, 1 young (4096K), 1 survivors (4096K)
}
Event: 106.378 {heap Before GC invocations=88 (full 0):
 garbage-first heap   total reserved 5177344K, committed 122880K, used 95010K [0x00000006c4000000, 0x0000000800000000)
  region size 4096K, 18 young (73728K), 1 survivors (4096K)
}
Event: 106.379 {heap After GC invocations=89 (full 0):
 garbage-first heap   total reserved 5177344K, committed 122880K, used 29480K [0x00000006c4000000, 0x0000000800000000)
  region size 4096K, 1 young (4096K), 1 survivors (4096K)
}
Event: 107.270 {heap Before GC invocations=89 (full 0):
 garbage-first heap   total reserved 5177344K, committed 122880K, used 95016K [0x00000006c4000000, 0x0000000800000000)
  region size 4096K, 18 young (73728K), 1 survivors (4096K)
}
Event: 107.271 {heap After GC invocations=90 (full 0):
 garbage-first heap   total reserved 5177344K, committed 122880K, used 29476K [0x00000006c4000000, 0x0000000800000000)
  region size 4096K, 1 young (4096K), 1 survivors (4096K)
}
Event: 108.245 {heap Before GC invocations=90 (full 0):
 garbage-first heap   total reserved 5177344K, committed 122880K, used 95012K [0x00000006c4000000, 0x0000000800000000)
  region size 4096K, 18 young (73728K), 1 survivors (4096K)
}
Event: 108.246 {heap After GC invocations=91 (full 0):
 garbage-first heap   total reserved 5177344K, committed 122880K, used 29476K [0x00000006c4000000, 0x0000000800000000)
  region size 4096K, 1 young (4096K), 1 survivors (4096K)
}
Event: 109.231 {heap Before GC invocations=91 (full 0):
 garbage-first heap   total reserved 5177344K, committed 122880K, used 95012K [0x00000006c4000000, 0x0000000800000000)
  region size 4096K, 18 young (73728K), 1 survivors (4096K)
}
Event: 109.232 {heap After GC invocations=92 (full 0):
 garbage-first heap   total reserved 5177344K, committed 122880K, used 29478K [0x00000006c4000000, 0x0000000800000000)
  region size 4096K, 1 young (4096K), 1 survivors (4096K)
}
Event: 110.144 {heap Before GC invocations=92 (full 0):
 garbage-first heap   total reserved 5177344K, committed 122880K, used 95014K [0x00000006c4000000, 0x0000000800000000)
  region size 4096K, 18 young (73728K), 1 survivors (4096K)
}
Event: 110.146 {heap After GC invocations=93 (full 0):
 garbage-first heap   total reserved 5177344K, committed 122880K, used 29472K [0x00000006c4000000, 0x0000000800000000)
  region size 4096K, 1 young (4096K), 1 survivors (4096K)
}
Event: 111.253 {heap Before GC invocations=93 (full 0):
 garbage-first heap   total reserved 5177344K, committed 122880K, used 95008K [0x00000006c4000000, 0x0000000800000000)
  region size 4096K, 18 young (73728K), 1 survivors (4096K)
}
Event: 111.254 {heap After GC invocations=94 (full 0):
 garbage-first heap   total reserved 5177344K, committed 122880K, used 29480K [0x00000006c4000000, 0x0000000800000000)
  region size 4096K, 1 young (4096K), 1 survivors (4096K)
}

