# JRE version: OpenJDK Runtime Environment (25.0.2+10) (build 25.0.2+10-69)
# Java VM: OpenJDK 64-Bit Server VM (25.0.2+10-69, mixed mode, sharing, tiered, compressed oops, compressed class ptrs, g1 gc, windows-amd64)
GC Precious Log:
 CardTable entry size: 512
 Card Set container configuration: InlinePtr #cards 4 size 8 Array Of Cards #cards 32 size 80 Howl #buckets 8 coarsen threshold 7372 Howl Bitmap #cards 1024 size 144 coarsen threshold 921 Card regions per heap region 1 cards per card region 8192
 CPUs: 8 total, 8 available
 Memory: 20218M
 Large Page Support: Disabled
 NUMA Support: Disabled
 Compressed Oops: Enabled (Zero based)
 Heap Region Size: 4M
 Heap Min Capacity: 8M
 Heap Initial Capacity: 316M
 Heap Max Capacity: 5056M
 Pre-touch: Disabled
 Parallel Workers: 8
 Concurrent Workers: 2
 Concurrent Refinement Workers: 8
 Periodic GC: Disabled
Heap:
 garbage-first heap   total reserved 5177344K, committed 118784K, used 44934K [0x00000006c4000000, 0x0000000800000000)
  region size 4096K, 9 young (36864K), 3 survivors (12288K)
GC Heap Usage History (20 events):
Event: 1.953 {heap Before GC invocations=0 (full 0):
 garbage-first heap   total reserved 5177344K, committed 327680K, used 50323K [0x00000006c4000000, 0x0000000800000000)
  region size 4096K, 12 young (49152K), 0 survivors (0K)
}
Event: 1.960 {heap After GC invocations=1 (full 0):
 garbage-first heap   total reserved 5177344K, committed 327680K, used 8710K [0x00000006c4000000, 0x0000000800000000)
  region size 4096K, 2 young (8192K), 2 survivors (8192K)
}
Event: 14.986 {heap Before GC invocations=1 (full 0):
 garbage-first heap   total reserved 5177344K, committed 327680K, used 123398K [0x00000006c4000000, 0x0000000800000000)
  region size 4096K, 31 young (126976K), 2 survivors (8192K)
}
Event: 15.001 {heap After GC invocations=2 (full 0):
 garbage-first heap   total reserved 5177344K, committed 327680K, used 21835K [0x00000006c4000000, 0x0000000800000000)
  region size 4096K, 5 young (20480K), 5 survivors (20480K)
}
Event: 19.902 {heap Before GC invocations=3 (full 0):
 garbage-first heap   total reserved 5177344K, committed 98304K, used 87371K [0x00000006c4000000, 0x0000000800000000)
  region size 4096K, 22 young (90112K), 5 survivors (20480K)
}
Event: 19.912 {heap After GC invocations=4 (full 0):
 garbage-first heap   total reserved 5177344K, committed 118784K, used 20485K [0x00000006c4000000, 0x0000000800000000)
  region size 4096K, 3 young (12288K), 3 survivors (12288K)
}
Event: 20.498 {heap Before GC invocations=4 (full 0):
 garbage-first heap   total reserved 5177344K, committed 118784K, used 73733K [0x00000006c4000000, 0x0000000800000000)
  region size 4096K, 17 young (69632K), 3 survivors (12288K)
}
Event: 20.507 {heap After GC invocations=5 (full 0):
 garbage-first heap   total reserved 5177344K, committed 118784K, used 21482K [0x00000006c4000000, 0x0000000800000000)
  region size 4096K, 1 young (4096K), 1 survivors (4096K)
}
Event: 21.374 {heap Before GC invocations=5 (full 0):
 garbage-first heap   total reserved 5177344K, committed 118784K, used 82922K [0x00000006c4000000, 0x0000000800000000)
  region size 4096K, 17 young (69632K), 1 survivors (4096K)
}
Event: 21.376 {heap After GC invocations=6 (full 0):
 garbage-first heap   total reserved 5177344K, committed 118784K, used 19862K [0x00000006c4000000, 0x0000000800000000)
  region size 4096K, 1 young (4096K), 1 survivors (4096K)
}
Event: 22.300 {heap Before GC invocations=6 (full 0):
 garbage-first heap   total reserved 5177344K, committed 118784K, used 81302K [0x00000006c4000000, 0x0000000800000000)
  region size 4096K, 17 young (69632K), 1 survivors (4096K)
}
Event: 22.301 {heap After GC invocations=7 (full 0):
 garbage-first heap   total reserved 5177344K, committed 118784K, used 23158K [0x00000006c4000000, 0x0000000800000000)
  region size 4096K, 2 young (8192K), 2 survivors (8192K)
}
Event: 23.215 {heap Before GC invocations=7 (full 0):
 garbage-first heap   total reserved 5177344K, committed 118784K, used 80502K [0x00000006c4000000, 0x0000000800000000)
  region size 4096K, 17 young (69632K), 2 survivors (8192K)
}
Event: 23.217 {heap After GC invocations=8 (full 0):
 garbage-first heap   total reserved 5177344K, committed 118784K, used 19942K [0x00000006c4000000, 0x0000000800000000)
  region size 4096K, 1 young (4096K), 1 survivors (4096K)
}
Event: 24.250 {heap Before GC invocations=8 (full 0):
 garbage-first heap   total reserved 5177344K, committed 118784K, used 81382K [0x00000006c4000000, 0x0000000800000000)
  region size 4096K, 17 young (69632K), 1 survivors (4096K)
}
Event: 24.252 {heap After GC invocations=9 (full 0):
 garbage-first heap   total reserved 5177344K, committed 118784K, used 19953K [0x00000006c4000000, 0x0000000800000000)
  region size 4096K, 1 young (4096K), 1 survivors (4096K)
}
Event: 59.998 {heap Before GC invocations=9 (full 0):
 garbage-first heap   total reserved 5177344K, committed 118784K, used 81393K [0x00000006c4000000, 0x0000000800000000)
  region size 4096K, 17 young (69632K), 1 survivors (4096K)
}
Event: 60.002 {heap After GC invocations=10 (full 0):
 garbage-first heap   total reserved 5177344K, committed 118784K, used 21484K [0x00000006c4000000, 0x0000000800000000)
  region size 4096K, 1 young (4096K), 1 survivors (4096K)
}
Event: 61.276 {heap Before GC invocations=10 (full 0):
 garbage-first heap   total reserved 5177344K, committed 118784K, used 82924K [0x00000006c4000000, 0x0000000800000000)
  region size 4096K, 17 young (69632K), 1 survivors (4096K)
}
Event: 61.279 {heap After GC invocations=11 (full 0):
 garbage-first heap   total reserved 5177344K, committed 118784K, used 29253K [0x00000006c4000000, 0x0000000800000000)
  region size 4096K, 3 young (12288K), 3 survivors (12288K)
}

