# JRE version: OpenJDK Runtime Environment (25.0.2+10) (build 25.0.2+10-69)
# Java VM: OpenJDK 64-Bit Server VM (25.0.2+10-69, mixed mode, sharing, tiered, compressed oops, compressed class ptrs, g1 gc, windows-amd64)
GC Precious Log:
 CardTable entry size: 512
 Card Set container configuration: InlinePtr #cards 4 size 8 Array Of Cards #cards 32 size 80 Howl #buckets 8 coarsen threshold 7372 Howl Bitmap #cards 1024 size 144 coarsen threshold 921 Card regions per heap region 1 cards per card region 8192
 CPUs: 8 total, 8 available
 Memory: 20218M
 Large Page Support: Disabled
 NUMA Support: Disabled
 Compressed Oops: Enabled (Zero based)
 Heap Region Size: 4M
 Heap Min Capacity: 8M
 Heap Initial Capacity: 316M
 Heap Max Capacity: 5056M
 Pre-touch: Disabled
 Parallel Workers: 8
 Concurrent Workers: 2
 Concurrent Refinement Workers: 8
 Periodic GC: Disabled
Heap:
 garbage-first heap   total reserved 5177344K, committed 122880K, used 79991K [0x00000006c4000000, 0x0000000800000000)
  region size 4096K, 18 young (73728K), 2 survivors (8192K)
GC Heap Usage History (14 events):
Event: 2.140 {heap Before GC invocations=0 (full 0):
 garbage-first heap   total reserved 5177344K, committed 327680K, used 50323K [0x00000006c4000000, 0x0000000800000000)
  region size 4096K, 12 young (49152K), 0 survivors (0K)
}
Event: 2.145 {heap After GC invocations=1 (full 0):
 garbage-first heap   total reserved 5177344K, committed 327680K, used 8707K [0x00000006c4000000, 0x0000000800000000)
  region size 4096K, 2 young (8192K), 2 survivors (8192K)
}
Event: 14.482 {heap Before GC invocations=1 (full 0):
 garbage-first heap   total reserved 5177344K, committed 327680K, used 123395K [0x00000006c4000000, 0x0000000800000000)
  region size 4096K, 31 young (126976K), 2 survivors (8192K)
}
Event: 14.496 {heap After GC invocations=2 (full 0):
 garbage-first heap   total reserved 5177344K, committed 327680K, used 21923K [0x00000006c4000000, 0x0000000800000000)
  region size 4096K, 5 young (20480K), 5 survivors (20480K)
}
Event: 19.134 {heap Before GC invocations=3 (full 0):
 garbage-first heap   total reserved 5177344K, committed 98304K, used 87459K [0x00000006c4000000, 0x0000000800000000)
  region size 4096K, 22 young (90112K), 5 survivors (20480K)
}
Event: 19.145 {heap After GC invocations=4 (full 0):
 garbage-first heap   total reserved 5177344K, committed 122880K, used 21917K [0x00000006c4000000, 0x0000000800000000)
  region size 4096K, 4 young (16384K), 4 survivors (16384K)
}
Event: 19.910 {heap Before GC invocations=4 (full 0):
 garbage-first heap   total reserved 5177344K, committed 122880K, used 75165K [0x00000006c4000000, 0x0000000800000000)
  region size 4096K, 18 young (73728K), 4 survivors (16384K)
}
Event: 19.918 {heap After GC invocations=5 (full 0):
 garbage-first heap   total reserved 5177344K, committed 122880K, used 23007K [0x00000006c4000000, 0x0000000800000000)
  region size 4096K, 2 young (8192K), 2 survivors (8192K)
}
Event: 20.665 {heap Before GC invocations=5 (full 0):
 garbage-first heap   total reserved 5177344K, committed 122880K, used 80351K [0x00000006c4000000, 0x0000000800000000)
  region size 4096K, 17 young (69632K), 2 survivors (8192K)
}
Event: 20.667 {heap After GC invocations=6 (full 0):
 garbage-first heap   total reserved 5177344K, committed 122880K, used 22570K [0x00000006c4000000, 0x0000000800000000)
  region size 4096K, 2 young (8192K), 2 survivors (8192K)
}
Event: 21.668 {heap Before GC invocations=6 (full 0):
 garbage-first heap   total reserved 5177344K, committed 122880K, used 84010K [0x00000006c4000000, 0x0000000800000000)
  region size 4096K, 18 young (73728K), 2 survivors (8192K)
}
Event: 21.669 {heap After GC invocations=7 (full 0):
 garbage-first heap   total reserved 5177344K, committed 122880K, used 19607K [0x00000006c4000000, 0x0000000800000000)
  region size 4096K, 1 young (4096K), 1 survivors (4096K)
}
Event: 22.688 {heap Before GC invocations=7 (full 0):
 garbage-first heap   total reserved 5177344K, committed 122880K, used 85143K [0x00000006c4000000, 0x0000000800000000)
  region size 4096K, 18 young (73728K), 1 survivors (4096K)
}
Event: 22.690 {heap After GC invocations=8 (full 0):
 garbage-first heap   total reserved 5177344K, committed 122880K, used 22647K [0x00000006c4000000, 0x0000000800000000)
  region size 4096K, 2 young (8192K), 2 survivors (8192K)
}

