# JRE version: OpenJDK Runtime Environment (25.0.2+10) (build 25.0.2+10-69)
# Java VM: OpenJDK 64-Bit Server VM (25.0.2+10-69, mixed mode, sharing, tiered, compressed oops, compressed class ptrs, g1 gc, windows-amd64)
GC Precious Log:
 CardTable entry size: 512
 Card Set container configuration: InlinePtr #cards 4 size 8 Array Of Cards #cards 32 size 80 Howl #buckets 8 coarsen threshold 7372 Howl Bitmap #cards 1024 size 144 coarsen threshold 921 Card regions per heap region 1 cards per card region 8192
 CPUs: 8 total, 8 available
 Memory: 20218M
 Large Page Support: Disabled
 NUMA Support: Disabled
 Compressed Oops: Enabled (Zero based)
 Heap Region Size: 4M
 Heap Min Capacity: 8M
 Heap Initial Capacity: 316M
 Heap Max Capacity: 5056M
 Pre-touch: Disabled
 Parallel Workers: 8
 Concurrent Workers: 2
 Concurrent Refinement Workers: 8
 Periodic GC: Disabled
Heap:
 garbage-first heap   total reserved 5177344K, committed 122880K, used 36388K [0x00000006c4000000, 0x0000000800000000)
  region size 4096K, 7 young (28672K), 3 survivors (12288K)
GC Heap Usage History (20 events):
Event: 82.905 {heap Before GC invocations=6 (full 0):
 garbage-first heap   total reserved 5177344K, committed 122880K, used 84986K [0x00000006c4000000, 0x0000000800000000)
  region size 4096K, 18 young (73728K), 2 survivors (8192K)
}
Event: 82.907 {heap After GC invocations=7 (full 0):
 garbage-first heap   total reserved 5177344K, committed 122880K, used 24229K [0x00000006c4000000, 0x0000000800000000)
  region size 4096K, 2 young (8192K), 2 survivors (8192K)
}
Event: 83.979 {heap Before GC invocations=7 (full 0):
 garbage-first heap   total reserved 5177344K, committed 122880K, used 85669K [0x00000006c4000000, 0x0000000800000000)
  region size 4096K, 18 young (73728K), 2 survivors (8192K)
}
Event: 83.980 {heap After GC invocations=8 (full 0):
 garbage-first heap   total reserved 5177344K, committed 122880K, used 21192K [0x00000006c4000000, 0x0000000800000000)
  region size 4096K, 1 young (4096K), 1 survivors (4096K)
}
Event: 85.141 {heap Before GC invocations=8 (full 0):
 garbage-first heap   total reserved 5177344K, committed 122880K, used 86728K [0x00000006c4000000, 0x0000000800000000)
  region size 4096K, 18 young (73728K), 1 survivors (4096K)
}
Event: 85.144 {heap After GC invocations=9 (full 0):
 garbage-first heap   total reserved 5177344K, committed 122880K, used 21214K [0x00000006c4000000, 0x0000000800000000)
  region size 4096K, 1 young (4096K), 1 survivors (4096K)
}
Event: 86.317 {heap Before GC invocations=9 (full 0):
 garbage-first heap   total reserved 5177344K, committed 122880K, used 86750K [0x00000006c4000000, 0x0000000800000000)
  region size 4096K, 18 young (73728K), 1 survivors (4096K)
}
Event: 86.319 {heap After GC invocations=10 (full 0):
 garbage-first heap   total reserved 5177344K, committed 122880K, used 21202K [0x00000006c4000000, 0x0000000800000000)
  region size 4096K, 1 young (4096K), 1 survivors (4096K)
}
Event: 87.445 {heap Before GC invocations=10 (full 0):
 garbage-first heap   total reserved 5177344K, committed 122880K, used 86738K [0x00000006c4000000, 0x0000000800000000)
  region size 4096K, 18 young (73728K), 1 survivors (4096K)
}
Event: 87.446 {heap After GC invocations=11 (full 0):
 garbage-first heap   total reserved 5177344K, committed 122880K, used 21219K [0x00000006c4000000, 0x0000000800000000)
  region size 4096K, 1 young (4096K), 1 survivors (4096K)
}
Event: 88.666 {heap Before GC invocations=11 (full 0):
 garbage-first heap   total reserved 5177344K, committed 122880K, used 86755K [0x00000006c4000000, 0x0000000800000000)
  region size 4096K, 18 young (73728K), 1 survivors (4096K)
}
Event: 88.667 {heap After GC invocations=12 (full 0):
 garbage-first heap   total reserved 5177344K, committed 122880K, used 21247K [0x00000006c4000000, 0x0000000800000000)
  region size 4096K, 1 young (4096K), 1 survivors (4096K)
}
Event: 90.023 {heap Before GC invocations=12 (full 0):
 garbage-first heap   total reserved 5177344K, committed 122880K, used 86783K [0x00000006c4000000, 0x0000000800000000)
  region size 4096K, 18 young (73728K), 1 survivors (4096K)
}
Event: 90.025 {heap After GC invocations=13 (full 0):
 garbage-first heap   total reserved 5177344K, committed 122880K, used 21240K [0x00000006c4000000, 0x0000000800000000)
  region size 4096K, 1 young (4096K), 1 survivors (4096K)
}
Event: 116.892 {heap Before GC invocations=13 (full 0):
 garbage-first heap   total reserved 5177344K, committed 122880K, used 86776K [0x00000006c4000000, 0x0000000800000000)
  region size 4096K, 18 young (73728K), 1 survivors (4096K)
}
Event: 116.894 {heap After GC invocations=14 (full 0):
 garbage-first heap   total reserved 5177344K, committed 122880K, used 24795K [0x00000006c4000000, 0x0000000800000000)
  region size 4096K, 2 young (8192K), 2 survivors (8192K)
}
Event: 117.783 {heap Before GC invocations=14 (full 0):
 garbage-first heap   total reserved 5177344K, committed 122880K, used 86235K [0x00000006c4000000, 0x0000000800000000)
  region size 4096K, 18 young (73728K), 2 survivors (8192K)
}
Event: 117.785 {heap After GC invocations=15 (full 0):
 garbage-first heap   total reserved 5177344K, committed 122880K, used 25496K [0x00000006c4000000, 0x0000000800000000)
  region size 4096K, 2 young (8192K), 2 survivors (8192K)
}
Event: 118.582 {heap Before GC invocations=15 (full 0):
 garbage-first heap   total reserved 5177344K, committed 122880K, used 86936K [0x00000006c4000000, 0x0000000800000000)
  region size 4096K, 18 young (73728K), 2 survivors (8192K)
}
Event: 118.584 {heap After GC invocations=16 (full 0):
 garbage-first heap   total reserved 5177344K, committed 122880K, used 24686K [0x00000006c4000000, 0x0000000800000000)
  region size 4096K, 2 young (8192K), 2 survivors (8192K)
}

