# JRE version: OpenJDK Runtime Environment (25.0.2+10) (build 25.0.2+10-69)
# Java VM: OpenJDK 64-Bit Server VM (25.0.2+10-69, mixed mode, sharing, tiered, compressed oops, compressed class ptrs, g1 gc, windows-amd64)
GC Precious Log:
 CardTable entry size: 512
 Card Set container configuration: InlinePtr #cards 4 size 8 Array Of Cards #cards 32 size 80 Howl #buckets 8 coarsen threshold 7372 Howl Bitmap #cards 1024 size 144 coarsen threshold 921 Card regions per heap region 1 cards per card region 8192
 CPUs: 8 total, 8 available
 Memory: 20218M
 Large Page Support: Disabled
 NUMA Support: Disabled
 Compressed Oops: Enabled (Zero based)
 Heap Region Size: 4M
 Heap Min Capacity: 8M
 Heap Initial Capacity: 316M
 Heap Max Capacity: 5056M
 Pre-touch: Disabled
 Parallel Workers: 8
 Concurrent Workers: 2
 Concurrent Refinement Workers: 8
 Periodic GC: Disabled
Heap:
 garbage-first heap   total reserved 5177344K, committed 106496K, used 27237K [0x00000006c4000000, 0x0000000800000000)
  region size 4096K, 3 young (12288K), 1 survivors (4096K)
GC Heap Usage History (20 events):
Event: 58.756 {heap Before GC invocations=10 (full 0):
 garbage-first heap   total reserved 5177344K, committed 106496K, used 79024K [0x00000006c4000000, 0x0000000800000000)
  region size 4096K, 14 young (57344K), 2 survivors (8192K)
}
Event: 58.757 {heap After GC invocations=11 (full 0):
 garbage-first heap   total reserved 5177344K, committed 106496K, used 28812K [0x00000006c4000000, 0x0000000800000000)
  region size 4096K, 1 young (4096K), 1 survivors (4096K)
}
Event: 59.646 {heap Before GC invocations=11 (full 0):
 garbage-first heap   total reserved 5177344K, committed 106496K, used 82060K [0x00000006c4000000, 0x0000000800000000)
  region size 4096K, 15 young (61440K), 1 survivors (4096K)
}
Event: 59.648 {heap After GC invocations=12 (full 0):
 garbage-first heap   total reserved 5177344K, committed 106496K, used 29714K [0x00000006c4000000, 0x0000000800000000)
  region size 4096K, 1 young (4096K), 1 survivors (4096K)
}
Event: 60.604 {heap Before GC invocations=12 (full 0):
 garbage-first heap   total reserved 5177344K, committed 106496K, used 82962K [0x00000006c4000000, 0x0000000800000000)
  region size 4096K, 15 young (61440K), 1 survivors (4096K)
}
Event: 60.605 {heap After GC invocations=13 (full 0):
 garbage-first heap   total reserved 5177344K, committed 106496K, used 29718K [0x00000006c4000000, 0x0000000800000000)
  region size 4096K, 1 young (4096K), 1 survivors (4096K)
}
Event: 61.472 {heap Before GC invocations=13 (full 0):
 garbage-first heap   total reserved 5177344K, committed 106496K, used 82966K [0x00000006c4000000, 0x0000000800000000)
  region size 4096K, 15 young (61440K), 1 survivors (4096K)
}
Event: 61.473 {heap After GC invocations=14 (full 0):
 garbage-first heap   total reserved 5177344K, committed 106496K, used 29716K [0x00000006c4000000, 0x0000000800000000)
  region size 4096K, 1 young (4096K), 1 survivors (4096K)
}
Event: 62.269 {heap Before GC invocations=14 (full 0):
 garbage-first heap   total reserved 5177344K, committed 106496K, used 82964K [0x00000006c4000000, 0x0000000800000000)
  region size 4096K, 15 young (61440K), 1 survivors (4096K)
}
Event: 62.270 {heap After GC invocations=15 (full 0):
 garbage-first heap   total reserved 5177344K, committed 106496K, used 29716K [0x00000006c4000000, 0x0000000800000000)
  region size 4096K, 1 young (4096K), 1 survivors (4096K)
}
Event: 63.157 {heap Before GC invocations=15 (full 0):
 garbage-first heap   total reserved 5177344K, committed 106496K, used 82964K [0x00000006c4000000, 0x0000000800000000)
  region size 4096K, 15 young (61440K), 1 survivors (4096K)
}
Event: 63.158 {heap After GC invocations=16 (full 0):
 garbage-first heap   total reserved 5177344K, committed 106496K, used 29718K [0x00000006c4000000, 0x0000000800000000)
  region size 4096K, 1 young (4096K), 1 survivors (4096K)
}
Event: 64.010 {heap Before GC invocations=16 (full 0):
 garbage-first heap   total reserved 5177344K, committed 106496K, used 82966K [0x00000006c4000000, 0x0000000800000000)
  region size 4096K, 15 young (61440K), 1 survivors (4096K)
}
Event: 64.011 {heap After GC invocations=17 (full 0):
 garbage-first heap   total reserved 5177344K, committed 106496K, used 29116K [0x00000006c4000000, 0x0000000800000000)
  region size 4096K, 1 young (4096K), 1 survivors (4096K)
}
Event: 64.762 {heap Before GC invocations=17 (full 0):
 garbage-first heap   total reserved 5177344K, committed 106496K, used 82364K [0x00000006c4000000, 0x0000000800000000)
  region size 4096K, 15 young (61440K), 1 survivors (4096K)
}
Event: 64.763 {heap After GC invocations=18 (full 0):
 garbage-first heap   total reserved 5177344K, committed 106496K, used 29720K [0x00000006c4000000, 0x0000000800000000)
  region size 4096K, 1 young (4096K), 1 survivors (4096K)
}
Event: 65.607 {heap Before GC invocations=18 (full 0):
 garbage-first heap   total reserved 5177344K, committed 106496K, used 82968K [0x00000006c4000000, 0x0000000800000000)
  region size 4096K, 15 young (61440K), 1 survivors (4096K)
}
Event: 65.609 {heap After GC invocations=19 (full 0):
 garbage-first heap   total reserved 5177344K, committed 106496K, used 29720K [0x00000006c4000000, 0x0000000800000000)
  region size 4096K, 1 young (4096K), 1 survivors (4096K)
}
Event: 67.017 {heap Before GC invocations=19 (full 0):
 garbage-first heap   total reserved 5177344K, committed 106496K, used 82968K [0x00000006c4000000, 0x0000000800000000)
  region size 4096K, 15 young (61440K), 1 survivors (4096K)
}
Event: 67.019 {heap After GC invocations=20 (full 0):
 garbage-first heap   total reserved 5177344K, committed 106496K, used 29880K [0x00000006c4000000, 0x0000000800000000)
  region size 4096K, 2 young (8192K), 2 survivors (8192K)
}

