# JRE version: OpenJDK Runtime Environment (25.0.2+10) (build 25.0.2+10-69)
# Java VM: OpenJDK 64-Bit Server VM (25.0.2+10-69, mixed mode, sharing, tiered, compressed oops, compressed class ptrs, g1 gc, windows-amd64)
GC Precious Log:
 CardTable entry size: 512
 Card Set container configuration: InlinePtr #cards 4 size 8 Array Of Cards #cards 32 size 80 Howl #buckets 8 coarsen threshold 7372 Howl Bitmap #cards 1024 size 144 coarsen threshold 921 Card regions per heap region 1 cards per card region 8192
 CPUs: 8 total, 8 available
 Memory: 20218M
 Large Page Support: Disabled
 NUMA Support: Disabled
 Compressed Oops: Enabled (Zero based)
 Heap Region Size: 4M
 Heap Min Capacity: 8M
 Heap Initial Capacity: 316M
 Heap Max Capacity: 5056M
 Pre-touch: Disabled
 Parallel Workers: 8
 Concurrent Workers: 2
 Concurrent Refinement Workers: 8
 Periodic GC: Disabled
Heap:
 garbage-first heap   total reserved 5177344K, committed 122880K, used 36652K [0x00000006c4000000, 0x0000000800000000)
  region size 4096K, 6 young (24576K), 1 survivors (4096K)
GC Heap Usage History (20 events):
Event: 104.068 {heap Before GC invocations=3 (full 0):
 garbage-first heap   total reserved 5177344K, committed 98304K, used 89053K [0x00000006c4000000, 0x0000000800000000)
  region size 4096K, 22 young (90112K), 5 survivors (20480K)
}
Event: 104.082 {heap After GC invocations=4 (full 0):
 garbage-first heap   total reserved 5177344K, committed 122880K, used 22777K [0x00000006c4000000, 0x0000000800000000)
  region size 4096K, 4 young (16384K), 4 survivors (16384K)
}
Event: 104.761 {heap Before GC invocations=4 (full 0):
 garbage-first heap   total reserved 5177344K, committed 122880K, used 76025K [0x00000006c4000000, 0x0000000800000000)
  region size 4096K, 18 young (73728K), 4 survivors (16384K)
}
Event: 104.769 {heap After GC invocations=5 (full 0):
 garbage-first heap   total reserved 5177344K, committed 122880K, used 25945K [0x00000006c4000000, 0x0000000800000000)
  region size 4096K, 2 young (8192K), 2 survivors (8192K)
}
Event: 105.952 {heap Before GC invocations=5 (full 0):
 garbage-first heap   total reserved 5177344K, committed 122880K, used 87385K [0x00000006c4000000, 0x0000000800000000)
  region size 4096K, 18 young (73728K), 2 survivors (8192K)
}
Event: 105.953 {heap After GC invocations=6 (full 0):
 garbage-first heap   total reserved 5177344K, committed 122880K, used 22032K [0x00000006c4000000, 0x0000000800000000)
  region size 4096K, 1 young (4096K), 1 survivors (4096K)
}
Event: 106.871 {heap Before GC invocations=6 (full 0):
 garbage-first heap   total reserved 5177344K, committed 122880K, used 87568K [0x00000006c4000000, 0x0000000800000000)
  region size 4096K, 18 young (73728K), 1 survivors (4096K)
}
Event: 106.873 {heap After GC invocations=7 (full 0):
 garbage-first heap   total reserved 5177344K, committed 122880K, used 21915K [0x00000006c4000000, 0x0000000800000000)
  region size 4096K, 1 young (4096K), 1 survivors (4096K)
}
Event: 108.013 {heap Before GC invocations=7 (full 0):
 garbage-first heap   total reserved 5177344K, committed 122880K, used 87451K [0x00000006c4000000, 0x0000000800000000)
  region size 4096K, 18 young (73728K), 1 survivors (4096K)
}
Event: 108.015 {heap After GC invocations=8 (full 0):
 garbage-first heap   total reserved 5177344K, committed 122880K, used 22800K [0x00000006c4000000, 0x0000000800000000)
  region size 4096K, 1 young (4096K), 1 survivors (4096K)
}
Event: 109.723 {heap Before GC invocations=8 (full 0):
 garbage-first heap   total reserved 5177344K, committed 122880K, used 88336K [0x00000006c4000000, 0x0000000800000000)
  region size 4096K, 18 young (73728K), 1 survivors (4096K)
}
Event: 109.725 {heap After GC invocations=9 (full 0):
 garbage-first heap   total reserved 5177344K, committed 122880K, used 22741K [0x00000006c4000000, 0x0000000800000000)
  region size 4096K, 1 young (4096K), 1 survivors (4096K)
}
Event: 116.042 {heap Before GC invocations=9 (full 0):
 garbage-first heap   total reserved 5177344K, committed 122880K, used 88277K [0x00000006c4000000, 0x0000000800000000)
  region size 4096K, 18 young (73728K), 1 survivors (4096K)
}
Event: 116.044 {heap After GC invocations=10 (full 0):
 garbage-first heap   total reserved 5177344K, committed 122880K, used 28841K [0x00000006c4000000, 0x0000000800000000)
  region size 4096K, 3 young (12288K), 3 survivors (12288K)
}
Event: 117.254 {heap Before GC invocations=10 (full 0):
 garbage-first heap   total reserved 5177344K, committed 122880K, used 86185K [0x00000006c4000000, 0x0000000800000000)
  region size 4096K, 18 young (73728K), 3 survivors (12288K)
}
Event: 117.257 {heap After GC invocations=11 (full 0):
 garbage-first heap   total reserved 5177344K, committed 122880K, used 27366K [0x00000006c4000000, 0x0000000800000000)
  region size 4096K, 2 young (8192K), 2 survivors (8192K)
}
Event: 118.655 {heap Before GC invocations=11 (full 0):
 garbage-first heap   total reserved 5177344K, committed 122880K, used 88806K [0x00000006c4000000, 0x0000000800000000)
  region size 4096K, 18 young (73728K), 2 survivors (8192K)
}
Event: 118.658 {heap After GC invocations=12 (full 0):
 garbage-first heap   total reserved 5177344K, committed 122880K, used 26440K [0x00000006c4000000, 0x0000000800000000)
  region size 4096K, 2 young (8192K), 2 survivors (8192K)
}
Event: 120.514 {heap Before GC invocations=12 (full 0):
 garbage-first heap   total reserved 5177344K, committed 122880K, used 87880K [0x00000006c4000000, 0x0000000800000000)
  region size 4096K, 18 young (73728K), 2 survivors (8192K)
}
Event: 120.515 {heap After GC invocations=13 (full 0):
 garbage-first heap   total reserved 5177344K, committed 122880K, used 24362K [0x00000006c4000000, 0x0000000800000000)
  region size 4096K, 1 young (4096K), 1 survivors (4096K)
}

